app/build/intermediates/manifest_merge_blame_file/debug/manifest-merger-blame-debug-report.txt
1<?xml version="1.0" encoding="utf-8"?>
2<manifest xmlns:android="http://schemas.android.com/apk/res/android"
3    package="com.utotech.danzhehplus"
4    android:versionCode="1"
5    android:versionName="1.0" >
6
7    <uses-sdk
8        android:minSdkVersion="24"
8-->src\main\AndroidManifest.xml
9        android:targetSdkVersion="30" />
9-->src\main\AndroidManifest.xml
10
11    <uses-permission android:name="android.permission.INTERNET" />
11-->src\main\AndroidManifest.xml:6:5-67
11-->src\main\AndroidManifest.xml:6:22-64
12    <uses-permission android:name="android.permission.RECORD_AUDIO" />
12-->src\main\AndroidManifest.xml:7:5-71
12-->src\main\AndroidManifest.xml:7:22-68
13    <uses-permission android:name="android.permission.STORAGE" />
13-->src\main\AndroidManifest.xml:8:5-66
13-->src\main\AndroidManifest.xml:8:22-63
14    <uses-permission android:name="android.permission.ACCESS_NETWORK_STATE" />
14-->src\main\AndroidManifest.xml:9:5-79
14-->src\main\AndroidManifest.xml:9:22-76
15    <uses-permission android:name="android.permission.WRITE_EXTERNAL_STORAGE" />
15-->src\main\AndroidManifest.xml:10:5-81
15-->src\main\AndroidManifest.xml:10:22-78
16    <uses-permission android:name="android.permission.MANAGE_EXTERNAL_STORAGE" />
16-->src\main\AndroidManifest.xml:11:5-13:40
16-->src\main\AndroidManifest.xml:12:9-66
17    <uses-permission android:name="android.permission.READ_EXTERNAL_STORAGE" />
17-->src\main\AndroidManifest.xml:14:5-80
17-->src\main\AndroidManifest.xml:14:22-77
18
19    <!-- Android 11 queries declaration -->
20    <queries>
20-->[net.gotev:speech:1.6.2] AndroidManifest.xml:15:5-21:15
21        <package android:name="com.google.android.googlequicksearchbox" />
21-->[net.gotev:speech:1.6.2] AndroidManifest.xml:16:9-75
21-->[net.gotev:speech:1.6.2] AndroidManifest.xml:16:18-72
22
23        <intent>
23-->[net.gotev:speech:1.6.2] AndroidManifest.xml:18:9-20:18
24            <action android:name="android.intent.action.TTS_SERVICE" />
24-->[net.gotev:speech:1.6.2] AndroidManifest.xml:19:13-72
24-->[net.gotev:speech:1.6.2] AndroidManifest.xml:19:21-69
25        </intent>
26    </queries>
27
28    <uses-permission android:name="android.permission.WAKE_LOCK" />
28-->[androidx.work:work-runtime:2.7.0] AndroidManifest.xml:25:5-68
28-->[androidx.work:work-runtime:2.7.0] AndroidManifest.xml:25:22-65
29    <uses-permission android:name="android.permission.RECEIVE_BOOT_COMPLETED" />
29-->[androidx.work:work-runtime:2.7.0] AndroidManifest.xml:27:5-81
29-->[androidx.work:work-runtime:2.7.0] AndroidManifest.xml:27:22-78
30    <uses-permission android:name="android.permission.FOREGROUND_SERVICE" />
30-->[androidx.work:work-runtime:2.7.0] AndroidManifest.xml:28:5-77
30-->[androidx.work:work-runtime:2.7.0] AndroidManifest.xml:28:22-74
31
32    <application
32-->src\main\AndroidManifest.xml:16:5-39:19
33        android:allowBackup="true"
33-->src\main\AndroidManifest.xml:17:9-35
34        android:appComponentFactory="androidx.core.app.CoreComponentFactory"
34-->[androidx.core:core:1.8.0] AndroidManifest.xml:24:18-86
35        android:debuggable="true"
36        android:extractNativeLibs="false"
37        android:icon="@mipmap/ic_launcher"
37-->src\main\AndroidManifest.xml:18:9-43
38        android:label="@string/app_name"
38-->src\main\AndroidManifest.xml:19:9-41
39        android:requestLegacyExternalStorage="true"
39-->src\main\AndroidManifest.xml:20:9-52
40        android:roundIcon="@mipmap/ic_launcher_round"
40-->src\main\AndroidManifest.xml:21:9-54
41        android:supportsRtl="true"
41-->src\main\AndroidManifest.xml:22:9-35
42        android:testOnly="true"
43        android:theme="@style/Theme.DanzhehPlus" >
43-->src\main\AndroidManifest.xml:23:9-49
44        <activity
44-->src\main\AndroidManifest.xml:24:9-32:20
45            android:name="com.utotech.danzhehplus.StartActivity"
45-->src\main\AndroidManifest.xml:25:13-42
46            android:exported="true" >
46-->src\main\AndroidManifest.xml:26:13-36
47            <intent-filter>
47-->src\main\AndroidManifest.xml:27:13-31:29
48                <action android:name="android.intent.action.MAIN" />
48-->src\main\AndroidManifest.xml:28:17-69
48-->src\main\AndroidManifest.xml:28:25-66
49
50                <category android:name="android.intent.category.LAUNCHER" />
50-->src\main\AndroidManifest.xml:30:17-77
50-->src\main\AndroidManifest.xml:30:27-74
51            </intent-filter>
52        </activity>
53        <activity
53-->src\main\AndroidManifest.xml:33:9-36:77
54            android:name="com.utotech.danzhehplus.MainActivity"
54-->src\main\AndroidManifest.xml:34:13-41
55            android:configChanges="orientation|screenSize|layoutDirection"
55-->src\main\AndroidManifest.xml:36:13-75
56            android:exported="false" />
56-->src\main\AndroidManifest.xml:35:13-37
57
58        <uses-library
58-->[androidx.window:window:1.0.0] AndroidManifest.xml:25:9-27:40
59            android:name="androidx.window.extensions"
59-->[androidx.window:window:1.0.0] AndroidManifest.xml:26:13-54
60            android:required="false" />
60-->[androidx.window:window:1.0.0] AndroidManifest.xml:27:13-37
61        <uses-library
61-->[androidx.window:window:1.0.0] AndroidManifest.xml:28:9-30:40
62            android:name="androidx.window.sidecar"
62-->[androidx.window:window:1.0.0] AndroidManifest.xml:29:13-51
63            android:required="false" />
63-->[androidx.window:window:1.0.0] AndroidManifest.xml:30:13-37
64
65        <service
65-->[com.google.mlkit:digital-ink-recognition:18.0.0] AndroidManifest.xml:12:9-18:19
66            android:name="com.google.mlkit.common.internal.MlKitComponentDiscoveryService"
66-->[com.google.mlkit:digital-ink-recognition:18.0.0] AndroidManifest.xml:13:13-91
67            android:directBootAware="true"
67-->[com.google.mlkit:common:18.0.0] AndroidManifest.xml:17:13-43
68            android:exported="false" >
68-->[com.google.mlkit:digital-ink-recognition:18.0.0] AndroidManifest.xml:14:13-37
69            <meta-data
69-->[com.google.mlkit:digital-ink-recognition:18.0.0] AndroidManifest.xml:15:13-17:85
70                android:name="com.google.firebase.components:com.google.mlkit.vision.digitalink.internal.DigitalInkRecognitionRegistrar"
70-->[com.google.mlkit:digital-ink-recognition:18.0.0] AndroidManifest.xml:16:17-137
71                android:value="com.google.firebase.components.ComponentRegistrar" />
71-->[com.google.mlkit:digital-ink-recognition:18.0.0] AndroidManifest.xml:17:17-82
72            <meta-data
72-->[com.google.mlkit:common:18.0.0] AndroidManifest.xml:20:13-22:85
73                android:name="com.google.firebase.components:com.google.mlkit.common.internal.CommonComponentRegistrar"
73-->[com.google.mlkit:common:18.0.0] AndroidManifest.xml:21:17-120
74                android:value="com.google.firebase.components.ComponentRegistrar" />
74-->[com.google.mlkit:common:18.0.0] AndroidManifest.xml:22:17-82
75        </service>
76
77        <provider
77-->[com.google.mlkit:common:18.0.0] AndroidManifest.xml:9:9-13:38
78            android:name="com.google.mlkit.common.internal.MlKitInitProvider"
78-->[com.google.mlkit:common:18.0.0] AndroidManifest.xml:10:13-78
79            android:authorities="com.utotech.danzhehplus.mlkitinitprovider"
79-->[com.google.mlkit:common:18.0.0] AndroidManifest.xml:11:13-69
80            android:exported="false"
80-->[com.google.mlkit:common:18.0.0] AndroidManifest.xml:12:13-37
81            android:initOrder="99" />
81-->[com.google.mlkit:common:18.0.0] AndroidManifest.xml:13:13-35
82
83        <activity
83-->[com.google.android.gms:play-services-base:18.0.1] AndroidManifest.xml:20:9-22:45
84            android:name="com.google.android.gms.common.api.GoogleApiActivity"
84-->[com.google.android.gms:play-services-base:18.0.1] AndroidManifest.xml:20:19-85
85            android:exported="false"
85-->[com.google.android.gms:play-services-base:18.0.1] AndroidManifest.xml:22:19-43
86            android:theme="@android:style/Theme.Translucent.NoTitleBar" />
86-->[com.google.android.gms:play-services-base:18.0.1] AndroidManifest.xml:21:19-78
87
88        <meta-data
88-->[com.google.android.gms:play-services-basement:18.0.0] AndroidManifest.xml:21:9-23:69
89            android:name="com.google.android.gms.version"
89-->[com.google.android.gms:play-services-basement:18.0.0] AndroidManifest.xml:22:13-58
90            android:value="@integer/google_play_services_version" />
90-->[com.google.android.gms:play-services-basement:18.0.0] AndroidManifest.xml:23:13-66
91
92        <provider
92-->[androidx.emoji2:emoji2:1.0.0] AndroidManifest.xml:26:9-34:20
93            android:name="androidx.startup.InitializationProvider"
93-->[androidx.emoji2:emoji2:1.0.0] AndroidManifest.xml:27:13-67
94            android:authorities="com.utotech.danzhehplus.androidx-startup"
94-->[androidx.emoji2:emoji2:1.0.0] AndroidManifest.xml:28:13-68
95            android:exported="false" >
95-->[androidx.emoji2:emoji2:1.0.0] AndroidManifest.xml:29:13-37
96            <meta-data
96-->[androidx.emoji2:emoji2:1.0.0] AndroidManifest.xml:31:13-33:52
97                android:name="androidx.emoji2.text.EmojiCompatInitializer"
97-->[androidx.emoji2:emoji2:1.0.0] AndroidManifest.xml:32:17-75
98                android:value="androidx.startup" />
98-->[androidx.emoji2:emoji2:1.0.0] AndroidManifest.xml:33:17-49
99            <meta-data
99-->[androidx.work:work-runtime:2.7.0] AndroidManifest.xml:36:13-38:52
100                android:name="androidx.work.WorkManagerInitializer"
100-->[androidx.work:work-runtime:2.7.0] AndroidManifest.xml:37:17-68
101                android:value="androidx.startup" />
101-->[androidx.work:work-runtime:2.7.0] AndroidManifest.xml:38:17-49
102            <meta-data
102-->[androidx.lifecycle:lifecycle-process:2.4.0] AndroidManifest.xml:31:13-33:52
103                android:name="androidx.lifecycle.ProcessLifecycleInitializer"
103-->[androidx.lifecycle:lifecycle-process:2.4.0] AndroidManifest.xml:32:17-78
104                android:value="androidx.startup" />
104-->[androidx.lifecycle:lifecycle-process:2.4.0] AndroidManifest.xml:33:17-49
105        </provider>
106
107        <service
107-->[com.google.android.datatransport:transport-backend-cct:2.3.3] AndroidManifest.xml:29:9-35:19
108            android:name="com.google.android.datatransport.runtime.backends.TransportBackendDiscovery"
108-->[com.google.android.datatransport:transport-backend-cct:2.3.3] AndroidManifest.xml:30:13-103
109            android:exported="false" >
109-->[com.google.android.datatransport:transport-backend-cct:2.3.3] AndroidManifest.xml:31:13-37
110            <meta-data
110-->[com.google.android.datatransport:transport-backend-cct:2.3.3] AndroidManifest.xml:32:13-34:39
111                android:name="backend:com.google.android.datatransport.cct.CctBackendFactory"
111-->[com.google.android.datatransport:transport-backend-cct:2.3.3] AndroidManifest.xml:33:17-94
112                android:value="cct" />
112-->[com.google.android.datatransport:transport-backend-cct:2.3.3] AndroidManifest.xml:34:17-36
113        </service>
114        <service
114-->[com.google.android.datatransport:transport-runtime:2.2.6] AndroidManifest.xml:26:9-30:19
115            android:name="com.google.android.datatransport.runtime.scheduling.jobscheduling.JobInfoSchedulerService"
115-->[com.google.android.datatransport:transport-runtime:2.2.6] AndroidManifest.xml:27:13-117
116            android:exported="false"
116-->[com.google.android.datatransport:transport-runtime:2.2.6] AndroidManifest.xml:28:13-37
117            android:permission="android.permission.BIND_JOB_SERVICE" >
117-->[com.google.android.datatransport:transport-runtime:2.2.6] AndroidManifest.xml:29:13-69
118        </service>
119
120        <receiver
120-->[com.google.android.datatransport:transport-runtime:2.2.6] AndroidManifest.xml:32:9-34:40
121            android:name="com.google.android.datatransport.runtime.scheduling.jobscheduling.AlarmManagerSchedulerBroadcastReceiver"
121-->[com.google.android.datatransport:transport-runtime:2.2.6] AndroidManifest.xml:33:13-132
122            android:exported="false" />
122-->[com.google.android.datatransport:transport-runtime:2.2.6] AndroidManifest.xml:34:13-37
123
124        <service
124-->[androidx.work:work-runtime:2.7.0] AndroidManifest.xml:41:9-46:35
125            android:name="androidx.work.impl.background.systemalarm.SystemAlarmService"
125-->[androidx.work:work-runtime:2.7.0] AndroidManifest.xml:42:13-88
126            android:directBootAware="false"
126-->[androidx.work:work-runtime:2.7.0] AndroidManifest.xml:43:13-44
127            android:enabled="@bool/enable_system_alarm_service_default"
127-->[androidx.work:work-runtime:2.7.0] AndroidManifest.xml:44:13-72
128            android:exported="false" />
128-->[androidx.work:work-runtime:2.7.0] AndroidManifest.xml:45:13-37
129        <service
129-->[androidx.work:work-runtime:2.7.0] AndroidManifest.xml:47:9-53:35
130            android:name="androidx.work.impl.background.systemjob.SystemJobService"
130-->[androidx.work:work-runtime:2.7.0] AndroidManifest.xml:48:13-84
131            android:directBootAware="false"
131-->[androidx.work:work-runtime:2.7.0] AndroidManifest.xml:49:13-44
132            android:enabled="@bool/enable_system_job_service_default"
132-->[androidx.work:work-runtime:2.7.0] AndroidManifest.xml:50:13-70
133            android:exported="true"
133-->[androidx.work:work-runtime:2.7.0] AndroidManifest.xml:51:13-36
134            android:permission="android.permission.BIND_JOB_SERVICE" />
134-->[androidx.work:work-runtime:2.7.0] AndroidManifest.xml:52:13-69
135        <service
135-->[androidx.work:work-runtime:2.7.0] AndroidManifest.xml:54:9-59:35
136            android:name="androidx.work.impl.foreground.SystemForegroundService"
136-->[androidx.work:work-runtime:2.7.0] AndroidManifest.xml:55:13-81
137            android:directBootAware="false"
137-->[androidx.work:work-runtime:2.7.0] AndroidManifest.xml:56:13-44
138            android:enabled="@bool/enable_system_foreground_service_default"
138-->[androidx.work:work-runtime:2.7.0] AndroidManifest.xml:57:13-77
139            android:exported="false" />
139-->[androidx.work:work-runtime:2.7.0] AndroidManifest.xml:58:13-37
140
141        <receiver
141-->[androidx.work:work-runtime:2.7.0] AndroidManifest.xml:61:9-66:35
142            android:name="androidx.work.impl.utils.ForceStopRunnable$BroadcastReceiver"
142-->[androidx.work:work-runtime:2.7.0] AndroidManifest.xml:62:13-88
143            android:directBootAware="false"
143-->[androidx.work:work-runtime:2.7.0] AndroidManifest.xml:63:13-44
144            android:enabled="true"
144-->[androidx.work:work-runtime:2.7.0] AndroidManifest.xml:64:13-35
145            android:exported="false" />
145-->[androidx.work:work-runtime:2.7.0] AndroidManifest.xml:65:13-37
146        <receiver
146-->[androidx.work:work-runtime:2.7.0] AndroidManifest.xml:67:9-77:20
147            android:name="androidx.work.impl.background.systemalarm.ConstraintProxy$BatteryChargingProxy"
147-->[androidx.work:work-runtime:2.7.0] AndroidManifest.xml:68:13-106
148            android:directBootAware="false"
148-->[androidx.work:work-runtime:2.7.0] AndroidManifest.xml:69:13-44
149            android:enabled="false"
149-->[androidx.work:work-runtime:2.7.0] AndroidManifest.xml:70:13-36
150            android:exported="false" >
150-->[androidx.work:work-runtime:2.7.0] AndroidManifest.xml:71:13-37
151            <intent-filter>
151-->[androidx.work:work-runtime:2.7.0] AndroidManifest.xml:73:13-76:29
152                <action android:name="android.intent.action.ACTION_POWER_CONNECTED" />
152-->[androidx.work:work-runtime:2.7.0] AndroidManifest.xml:74:17-87
152-->[androidx.work:work-runtime:2.7.0] AndroidManifest.xml:74:25-84
153                <action android:name="android.intent.action.ACTION_POWER_DISCONNECTED" />
153-->[androidx.work:work-runtime:2.7.0] AndroidManifest.xml:75:17-90
153-->[androidx.work:work-runtime:2.7.0] AndroidManifest.xml:75:25-87
154            </intent-filter>
155        </receiver>
156        <receiver
156-->[androidx.work:work-runtime:2.7.0] AndroidManifest.xml:78:9-88:20
157            android:name="androidx.work.impl.background.systemalarm.ConstraintProxy$BatteryNotLowProxy"
157-->[androidx.work:work-runtime:2.7.0] AndroidManifest.xml:79:13-104
158            android:directBootAware="false"
158-->[androidx.work:work-runtime:2.7.0] AndroidManifest.xml:80:13-44
159            android:enabled="false"
159-->[androidx.work:work-runtime:2.7.0] AndroidManifest.xml:81:13-36
160            android:exported="false" >
160-->[androidx.work:work-runtime:2.7.0] AndroidManifest.xml:82:13-37
161            <intent-filter>
161-->[androidx.work:work-runtime:2.7.0] AndroidManifest.xml:84:13-87:29
162                <action android:name="android.intent.action.BATTERY_OKAY" />
162-->[androidx.work:work-runtime:2.7.0] AndroidManifest.xml:85:17-77
162-->[androidx.work:work-runtime:2.7.0] AndroidManifest.xml:85:25-74
163                <action android:name="android.intent.action.BATTERY_LOW" />
163-->[androidx.work:work-runtime:2.7.0] AndroidManifest.xml:86:17-76
163-->[androidx.work:work-runtime:2.7.0] AndroidManifest.xml:86:25-73
164            </intent-filter>
165        </receiver>
166        <receiver
166-->[androidx.work:work-runtime:2.7.0] AndroidManifest.xml:89:9-99:20
167            android:name="androidx.work.impl.background.systemalarm.ConstraintProxy$StorageNotLowProxy"
167-->[androidx.work:work-runtime:2.7.0] AndroidManifest.xml:90:13-104
168            android:directBootAware="false"
168-->[androidx.work:work-runtime:2.7.0] AndroidManifest.xml:91:13-44
169            android:enabled="false"
169-->[androidx.work:work-runtime:2.7.0] AndroidManifest.xml:92:13-36
170            android:exported="false" >
170-->[androidx.work:work-runtime:2.7.0] AndroidManifest.xml:93:13-37
171            <intent-filter>
171-->[androidx.work:work-runtime:2.7.0] AndroidManifest.xml:95:13-98:29
172                <action android:name="android.intent.action.DEVICE_STORAGE_LOW" />
172-->[androidx.work:work-runtime:2.7.0] AndroidManifest.xml:96:17-83
172-->[androidx.work:work-runtime:2.7.0] AndroidManifest.xml:96:25-80
173                <action android:name="android.intent.action.DEVICE_STORAGE_OK" />
173-->[androidx.work:work-runtime:2.7.0] AndroidManifest.xml:97:17-82
173-->[androidx.work:work-runtime:2.7.0] AndroidManifest.xml:97:25-79
174            </intent-filter>
175        </receiver>
176        <receiver
176-->[androidx.work:work-runtime:2.7.0] AndroidManifest.xml:100:9-109:20
177            android:name="androidx.work.impl.background.systemalarm.ConstraintProxy$NetworkStateProxy"
177-->[androidx.work:work-runtime:2.7.0] AndroidManifest.xml:101:13-103
178            android:directBootAware="false"
178-->[androidx.work:work-runtime:2.7.0] AndroidManifest.xml:102:13-44
179            android:enabled="false"
179-->[androidx.work:work-runtime:2.7.0] AndroidManifest.xml:103:13-36
180            android:exported="false" >
180-->[androidx.work:work-runtime:2.7.0] AndroidManifest.xml:104:13-37
181            <intent-filter>
181-->[androidx.work:work-runtime:2.7.0] AndroidManifest.xml:106:13-108:29
182                <action android:name="android.net.conn.CONNECTIVITY_CHANGE" />
182-->[androidx.work:work-runtime:2.7.0] AndroidManifest.xml:107:17-79
182-->[androidx.work:work-runtime:2.7.0] AndroidManifest.xml:107:25-76
183            </intent-filter>
184        </receiver>
185        <receiver
185-->[androidx.work:work-runtime:2.7.0] AndroidManifest.xml:110:9-121:20
186            android:name="androidx.work.impl.background.systemalarm.RescheduleReceiver"
186-->[androidx.work:work-runtime:2.7.0] AndroidManifest.xml:111:13-88
187            android:directBootAware="false"
187-->[androidx.work:work-runtime:2.7.0] AndroidManifest.xml:112:13-44
188            android:enabled="false"
188-->[androidx.work:work-runtime:2.7.0] AndroidManifest.xml:113:13-36
189            android:exported="false" >
189-->[androidx.work:work-runtime:2.7.0] AndroidManifest.xml:114:13-37
190            <intent-filter>
190-->[androidx.work:work-runtime:2.7.0] AndroidManifest.xml:116:13-120:29
191                <action android:name="android.intent.action.BOOT_COMPLETED" />
191-->[androidx.work:work-runtime:2.7.0] AndroidManifest.xml:117:17-79
191-->[androidx.work:work-runtime:2.7.0] AndroidManifest.xml:117:25-76
192                <action android:name="android.intent.action.TIME_SET" />
192-->[androidx.work:work-runtime:2.7.0] AndroidManifest.xml:118:17-73
192-->[androidx.work:work-runtime:2.7.0] AndroidManifest.xml:118:25-70
193                <action android:name="android.intent.action.TIMEZONE_CHANGED" />
193-->[androidx.work:work-runtime:2.7.0] AndroidManifest.xml:119:17-81
193-->[androidx.work:work-runtime:2.7.0] AndroidManifest.xml:119:25-78
194            </intent-filter>
195        </receiver>
196        <receiver
196-->[androidx.work:work-runtime:2.7.0] AndroidManifest.xml:122:9-131:20
197            android:name="androidx.work.impl.background.systemalarm.ConstraintProxyUpdateReceiver"
197-->[androidx.work:work-runtime:2.7.0] AndroidManifest.xml:123:13-99
198            android:directBootAware="false"
198-->[androidx.work:work-runtime:2.7.0] AndroidManifest.xml:124:13-44
199            android:enabled="@bool/enable_system_alarm_service_default"
199-->[androidx.work:work-runtime:2.7.0] AndroidManifest.xml:125:13-72
200            android:exported="false" >
200-->[androidx.work:work-runtime:2.7.0] AndroidManifest.xml:126:13-37
201            <intent-filter>
201-->[androidx.work:work-runtime:2.7.0] AndroidManifest.xml:128:13-130:29
202                <action android:name="androidx.work.impl.background.systemalarm.UpdateProxies" />
202-->[androidx.work:work-runtime:2.7.0] AndroidManifest.xml:129:17-98
202-->[androidx.work:work-runtime:2.7.0] AndroidManifest.xml:129:25-95
203            </intent-filter>
204        </receiver>
205        <receiver
205-->[androidx.work:work-runtime:2.7.0] AndroidManifest.xml:132:9-142:20
206            android:name="androidx.work.impl.diagnostics.DiagnosticsReceiver"
206-->[androidx.work:work-runtime:2.7.0] AndroidManifest.xml:133:13-78
207            android:directBootAware="false"
207-->[androidx.work:work-runtime:2.7.0] AndroidManifest.xml:134:13-44
208            android:enabled="true"
208-->[androidx.work:work-runtime:2.7.0] AndroidManifest.xml:135:13-35
209            android:exported="true"
209-->[androidx.work:work-runtime:2.7.0] AndroidManifest.xml:136:13-36
210            android:permission="android.permission.DUMP" >
210-->[androidx.work:work-runtime:2.7.0] AndroidManifest.xml:137:13-57
211            <intent-filter>
211-->[androidx.work:work-runtime:2.7.0] AndroidManifest.xml:139:13-141:29
212                <action android:name="androidx.work.diagnostics.REQUEST_DIAGNOSTICS" />
212-->[androidx.work:work-runtime:2.7.0] AndroidManifest.xml:140:17-88
212-->[androidx.work:work-runtime:2.7.0] AndroidManifest.xml:140:25-85
213            </intent-filter>
214        </receiver>
215
216        <service
216-->[androidx.room:room-runtime:2.2.5] AndroidManifest.xml:25:9-28:40
217            android:name="androidx.room.MultiInstanceInvalidationService"
217-->[androidx.room:room-runtime:2.2.5] AndroidManifest.xml:26:13-74
218            android:directBootAware="true"
218-->[androidx.room:room-runtime:2.2.5] AndroidManifest.xml:27:13-43
219            android:exported="false" />
219-->[androidx.room:room-runtime:2.2.5] AndroidManifest.xml:28:13-37
220    </application>
221
222</manifest>